This file contains any messages produced by compilers while
running configure, to aid debugging if configure makes a mistake.

It was created by newlib configure 1.16.0, which was
generated by GNU Autoconf 2.61.  Invocation command line was

  $ ../../.././newlib/libm/configure --prefix=/home/avsm/upstream/mlx/obj/cross-root-x86_64 --with-newlib --with-cross-host=x86_64-unknown-linux-gnu --verbose --target=x86_64-xen-elf --enable-newlib-io-long-long --disable-multilib --program-transform-name=s,^,x86_64-xen-elf-, --with-target-subdir=x86_64-xen-elf --build=x86_64-unknown-linux-gnu --host=x86_64-xen-elf --target=x86_64-xen-elf build_alias=x86_64-unknown-linux-gnu host_alias=x86_64-xen-elf target_alias=x86_64-xen-elf CC=x86_64-xen-elf-cc -B/home/avsm/upstream/mlx/newlib/x86_64-xen-elf/newlib/ -isystem /home/avsm/upstream/mlx/newlib/x86_64-xen-elf/newlib/targ-include -isystem /home/avsm/upstream/mlx/newlib/newlib/libc/include -B/home/avsm/upstream/mlx/newlib/x86_64-xen-elf/libgloss/x86_64 -L/home/avsm/upstream/mlx/newlib/x86_64-xen-elf/libgloss/libnosys -L/home/avsm/upstream/mlx/newlib/libgloss/x86_64 CFLAGS=-O2 -g -g -O2   LDFLAGS= CPPFLAGS= --cache-file=.././config.cache --srcdir=../../.././newlib/libm

## --------- ##
## Platform. ##
## --------- ##

hostname = debian
uname -m = x86_64
uname -r = 2.6.31-1-amd64
uname -s = Linux
uname -v = #1 SMP Mon Nov 16 04:44:38 UTC 2009

/usr/bin/uname -p = unknown
/bin/uname -X     = unknown

/bin/arch              = unknown
/usr/bin/arch -k       = unknown
/usr/convex/getsysinfo = unknown
/usr/bin/hostinfo      = unknown
/bin/machine           = unknown
/usr/bin/oslevel       = unknown
/bin/universe          = unknown

PATH: /usr/local/bin
PATH: /usr/bin
PATH: /bin
PATH: /usr/games


## ----------- ##
## Core tests. ##
## ----------- ##

configure:1864: loading cache .././config.cache
configure:2022: checking build system type
configure:2040: result: x86_64-unknown-linux-gnu
configure:2076: checking for a BSD-compatible install
configure:2132: result: /usr/bin/install -c
configure:2143: checking whether build environment is sane
configure:2186: result: yes
configure:2251: checking for gawk
configure:2278: result: mawk
configure:2289: checking whether make sets $(MAKE)
configure:2310: result: yes
configure:2340: checking for style of include used by make
configure:2368: result: GNU
configure:2528: checking host system type
configure:2543: result: x86_64-xen-elf
configure:2615: checking for x86_64-xen-elf-strip
configure:2642: result: x86_64-xen-elf-strip
configure:2738: checking for gcc
configure:2765: result: x86_64-xen-elf-cc -B/home/avsm/upstream/mlx/newlib/x86_64-xen-elf/newlib/ -isystem /home/avsm/upstream/mlx/newlib/x86_64-xen-elf/newlib/targ-include -isystem /home/avsm/upstream/mlx/newlib/newlib/libc/include -B/home/avsm/upstream/mlx/newlib/x86_64-xen-elf/libgloss/x86_64 -L/home/avsm/upstream/mlx/newlib/x86_64-xen-elf/libgloss/libnosys -L/home/avsm/upstream/mlx/newlib/libgloss/x86_64
configure:2776: checking dependency style of x86_64-xen-elf-cc -B/home/avsm/upstream/mlx/newlib/x86_64-xen-elf/newlib/ -isystem /home/avsm/upstream/mlx/newlib/x86_64-xen-elf/newlib/targ-include -isystem /home/avsm/upstream/mlx/newlib/newlib/libc/include -B/home/avsm/upstream/mlx/newlib/x86_64-xen-elf/libgloss/x86_64 -L/home/avsm/upstream/mlx/newlib/x86_64-xen-elf/libgloss/libnosys -L/home/avsm/upstream/mlx/newlib/libgloss/x86_64
configure:2866: result: none
configure:2943: checking whether we are using GNU C
configure:2964: result: no
configure:3142: checking for x86_64-xen-elf-as
configure:3169: result: x86_64-xen-elf-as
configure:3238: checking for x86_64-xen-elf-ar
configure:3265: result: x86_64-xen-elf-ar
configure:3334: checking for x86_64-xen-elf-ranlib
configure:3361: result: x86_64-xen-elf-ranlib
configure:3430: checking for x86_64-xen-elf-readelf
configure:3460: result: no
configure:3470: checking for readelf
configure:3497: result: readelf
configure:3511: WARNING: In the future, Autoconf will not detect cross-tools
whose name does not start with the host triplet.  If you think this
configuration is useful to you, please write to autoconf@gnu.org.
configure:3537: checking for a BSD-compatible install
configure:3593: result: /usr/bin/install -c
configure:3608: checking whether to enable maintainer-specific portions of Makefiles
configure:3617: result: no
configure:3738: checking for a sed that does not truncate output
configure:3817: result: /bin/sed
configure:11875: creating ./config.status

## ---------------------- ##
## Running config.status. ##
## ---------------------- ##

This file was extended by newlib config.status 1.16.0, which was
generated by GNU Autoconf 2.61.  Invocation command line was

  CONFIG_FILES    = 
  CONFIG_HEADERS  = 
  CONFIG_LINKS    = 
  CONFIG_COMMANDS = 
  $ ./config.status 

on debian

config.status:854: creating Makefile
config.status:854: creating math/Makefile
config.status:854: creating mathfp/Makefile
config.status:854: creating common/Makefile
config.status:1032: executing depfiles commands
configure:13891: === configuring in machine (/home/avsm/upstream/mlx/newlib/x86_64-xen-elf/newlib/libm/machine)
configure:13994: running /bin/sh ../../../.././newlib/libm/machine/configure '--prefix=/home/avsm/upstream/mlx/obj/cross-root-x86_64'  '--with-newlib' '--with-cross-host=x86_64-unknown-linux-gnu' '--verbose' '--target=x86_64-xen-elf' '--enable-newlib-io-long-long' '--disable-multilib' '--program-transform-name=s,^,x86_64-xen-elf-,' '--with-target-subdir=x86_64-xen-elf' '--build=x86_64-unknown-linux-gnu' '--host=x86_64-xen-elf' '--target=x86_64-xen-elf' 'build_alias=x86_64-unknown-linux-gnu' 'host_alias=x86_64-xen-elf' 'target_alias=x86_64-xen-elf' 'CC=x86_64-xen-elf-cc -B/home/avsm/upstream/mlx/newlib/x86_64-xen-elf/newlib/ -isystem /home/avsm/upstream/mlx/newlib/x86_64-xen-elf/newlib/targ-include -isystem /home/avsm/upstream/mlx/newlib/newlib/libc/include -B/home/avsm/upstream/mlx/newlib/x86_64-xen-elf/libgloss/x86_64 -L/home/avsm/upstream/mlx/newlib/x86_64-xen-elf/libgloss/libnosys -L/home/avsm/upstream/mlx/newlib/libgloss/x86_64' 'CFLAGS=-O2 -g -g -O2  ' 'LDFLAGS=' 'CPPFLAGS=' --cache-file=../.././config.cache --srcdir=../../../.././newlib/libm/machine

## ---------------- ##
## Cache variables. ##
## ---------------- ##

ac_cv_build=x86_64-unknown-linux-gnu
ac_cv_c_compiler_gnu=no
ac_cv_env_CCASFLAGS_set=
ac_cv_env_CCASFLAGS_value=
ac_cv_env_CCAS_set=
ac_cv_env_CCAS_value=
ac_cv_env_CC_set=set
ac_cv_env_CC_value='x86_64-xen-elf-cc -B/home/avsm/upstream/mlx/newlib/x86_64-xen-elf/newlib/ -isystem /home/avsm/upstream/mlx/newlib/x86_64-xen-elf/newlib/targ-include -isystem /home/avsm/upstream/mlx/newlib/newlib/libc/include -B/home/avsm/upstream/mlx/newlib/x86_64-xen-elf/libgloss/x86_64 -L/home/avsm/upstream/mlx/newlib/x86_64-xen-elf/libgloss/libnosys -L/home/avsm/upstream/mlx/newlib/libgloss/x86_64'
ac_cv_env_CFLAGS_set=set
ac_cv_env_CFLAGS_value='-O2 -g -g -O2  '
ac_cv_env_CPPFLAGS_set=set
ac_cv_env_CPPFLAGS_value=
ac_cv_env_CPP_set=
ac_cv_env_CPP_value=
ac_cv_env_LDFLAGS_set=set
ac_cv_env_LDFLAGS_value=
ac_cv_env_LIBS_set=
ac_cv_env_LIBS_value=
ac_cv_env_build_alias_set=set
ac_cv_env_build_alias_value=x86_64-unknown-linux-gnu
ac_cv_env_host_alias_set=set
ac_cv_env_host_alias_value=x86_64-xen-elf
ac_cv_env_target_alias_set=set
ac_cv_env_target_alias_value=x86_64-xen-elf
ac_cv_host=x86_64-xen-elf
ac_cv_path_SED=/bin/sed
ac_cv_prog_AR=x86_64-xen-elf-ar
ac_cv_prog_AS=x86_64-xen-elf-as
ac_cv_prog_AWK=mawk
ac_cv_prog_CC='x86_64-xen-elf-cc -B/home/avsm/upstream/mlx/newlib/x86_64-xen-elf/newlib/ -isystem /home/avsm/upstream/mlx/newlib/x86_64-xen-elf/newlib/targ-include -isystem /home/avsm/upstream/mlx/newlib/newlib/libc/include -B/home/avsm/upstream/mlx/newlib/x86_64-xen-elf/libgloss/x86_64 -L/home/avsm/upstream/mlx/newlib/x86_64-xen-elf/libgloss/libnosys -L/home/avsm/upstream/mlx/newlib/libgloss/x86_64'
ac_cv_prog_RANLIB=x86_64-xen-elf-ranlib
ac_cv_prog_STRIP=x86_64-xen-elf-strip
ac_cv_prog_ac_ct_READELF=readelf
ac_cv_prog_make_make_set=yes
am_cv_CC_dependencies_compiler_type=none
libc_cv_array_aliasing=no
libc_cv_initfinit_array=no
lt_cv_path_SED=/bin/sed
newlib_cv_build_exeext=no

## ----------------- ##
## Output variables. ##
## ----------------- ##

ACLOCAL='${SHELL} /home/avsm/upstream/mlx/newlib/missing --run aclocal-1.9'
AMDEPBACKSLASH='\'
AMDEP_FALSE='#'
AMDEP_TRUE=''
AMTAR='${SHELL} /home/avsm/upstream/mlx/newlib/missing --run tar'
AR='x86_64-xen-elf-ar'
AS='x86_64-xen-elf-as'
AUTOCONF='${SHELL} /home/avsm/upstream/mlx/newlib/missing --run autoconf'
AUTOHEADER='${SHELL} /home/avsm/upstream/mlx/newlib/missing --run autoheader'
AUTOMAKE='${SHELL} /home/avsm/upstream/mlx/newlib/missing --run automake-1.9'
AWK='mawk'
CC='x86_64-xen-elf-cc -B/home/avsm/upstream/mlx/newlib/x86_64-xen-elf/newlib/ -isystem /home/avsm/upstream/mlx/newlib/x86_64-xen-elf/newlib/targ-include -isystem /home/avsm/upstream/mlx/newlib/newlib/libc/include -B/home/avsm/upstream/mlx/newlib/x86_64-xen-elf/libgloss/x86_64 -L/home/avsm/upstream/mlx/newlib/x86_64-xen-elf/libgloss/libnosys -L/home/avsm/upstream/mlx/newlib/libgloss/x86_64'
CCAS='x86_64-xen-elf-cc -B/home/avsm/upstream/mlx/newlib/x86_64-xen-elf/newlib/ -isystem /home/avsm/upstream/mlx/newlib/x86_64-xen-elf/newlib/targ-include -isystem /home/avsm/upstream/mlx/newlib/newlib/libc/include -B/home/avsm/upstream/mlx/newlib/x86_64-xen-elf/libgloss/x86_64 -L/home/avsm/upstream/mlx/newlib/x86_64-xen-elf/libgloss/libnosys -L/home/avsm/upstream/mlx/newlib/libgloss/x86_64'
CCASFLAGS='-O2 -g -g -O2  '
CCDEPMODE='depmode=none'
CFLAGS='-O2 -g -g -O2  '
CPP=''
CPPFLAGS=''
CYGPATH_W='echo'
DEFS='-DPACKAGE_NAME=\"newlib\" -DPACKAGE_TARNAME=\"newlib\" -DPACKAGE_VERSION=\"1.16.0\" -DPACKAGE_STRING=\"newlib\ 1.16.0\" -DPACKAGE_BUGREPORT=\"\"'
DEPDIR='.deps'
DLLTOOL='x86_64-xen-elf-dlltool'
DUMPBIN=''
ECHO_C=''
ECHO_N='-n'
ECHO_T=''
EGREP=''
ELIX_LEVEL_0_FALSE='#'
ELIX_LEVEL_0_TRUE=''
ELIX_LEVEL_1_FALSE=''
ELIX_LEVEL_1_TRUE='#'
ELIX_LEVEL_2_FALSE=''
ELIX_LEVEL_2_TRUE='#'
ELIX_LEVEL_3_FALSE=''
ELIX_LEVEL_3_TRUE='#'
ELIX_LEVEL_4_FALSE=''
ELIX_LEVEL_4_TRUE='#'
EXEEXT=''
FGREP=''
GREP=''
INSTALL_DATA='/usr/bin/install -c -m 644'
INSTALL_PROGRAM='/usr/bin/install -c'
INSTALL_SCRIPT='/usr/bin/install -c'
INSTALL_STRIP_PROGRAM='${SHELL} $(install_sh) -c -s'
LD='x86_64-xen-elf-ld'
LDFLAGS=''
LIBM_MACHINE_LIB=''
LIBOBJS=''
LIBS=''
LIBTOOL=''
LN_S=''
LTLIBOBJS=''
MAINT='#'
MAINTAINER_MODE_FALSE=''
MAINTAINER_MODE_TRUE='#'
MAKEINFO='makeinfo --split-size=5000000'
MAY_SUPPLY_SYSCALLS_FALSE='#'
MAY_SUPPLY_SYSCALLS_TRUE=''
NEWLIB_CFLAGS=' -O2 -DMISSING_SYSCALL_NAMES -fno-builtin'
NEWLIB_HW_FP_FALSE=''
NEWLIB_HW_FP_TRUE='#'
NM='x86_64-xen-elf-nm'
OBJDUMP='x86_64-xen-elf-objdump'
OBJEXT='o'
PACKAGE='newlib'
PACKAGE_BUGREPORT=''
PACKAGE_NAME='newlib'
PACKAGE_STRING='newlib 1.16.0'
PACKAGE_TARNAME='newlib'
PACKAGE_VERSION='1.16.0'
PATH_SEPARATOR=':'
RANLIB='x86_64-xen-elf-ranlib'
READELF='readelf'
SED='/bin/sed'
SET_MAKE=''
SHELL='/bin/sh'
STRIP='x86_64-xen-elf-strip'
USE_LIBTOOL_FALSE=''
USE_LIBTOOL_TRUE='#'
VERSION='1.16.0'
ac_ct_CC=''
ac_ct_DUMPBIN=''
aext='a'
am__fastdepCC_FALSE=''
am__fastdepCC_TRUE='#'
am__include='include'
am__leading_dot='.'
am__quote=''
am__tar='${AMTAR} chof - "$$tardir"'
am__untar='${AMTAR} xf -'
bindir='${exec_prefix}/bin'
build='x86_64-unknown-linux-gnu'
build_alias='x86_64-unknown-linux-gnu'
build_cpu='x86_64'
build_os='linux-gnu'
build_vendor='unknown'
datadir='${datarootdir}'
datarootdir='${prefix}/share'
docdir='${datarootdir}/doc/${PACKAGE_TARNAME}'
dvidir='${docdir}'
exec_prefix='${prefix}'
host='x86_64-xen-elf'
host_alias='x86_64-xen-elf'
host_cpu='x86_64'
host_os='elf'
host_vendor='xen'
htmldir='${docdir}'
includedir='${prefix}/include'
infodir='${datarootdir}/info'
install_sh='/home/avsm/upstream/mlx/newlib/install-sh'
libdir='${exec_prefix}/lib'
libexecdir='${exec_prefix}/libexec'
libm_machine_dir=''
localedir='${datarootdir}/locale'
localstatedir='${prefix}/var'
lpfx='lib_a-'
lt_ECHO='echo'
machine_dir='x86_64'
mandir='${datarootdir}/man'
mkdir_p='mkdir -p --'
newlib_basedir='../../.././newlib/libm/..'
oext='o'
oldincludedir='/usr/include'
pdfdir='${docdir}'
prefix='/home/avsm/upstream/mlx/obj/cross-root-x86_64'
program_transform_name='s,^,x86_64-xen-elf-,'
psdir='${docdir}'
sbindir='${exec_prefix}/sbin'
sharedstatedir='${prefix}/com'
subdirs=' machine'
sys_dir=''
sysconfdir='${prefix}/etc'
target_alias='x86_64-xen-elf'

## ----------- ##
## confdefs.h. ##
## ----------- ##

#define PACKAGE_NAME "newlib"
#define PACKAGE_TARNAME "newlib"
#define PACKAGE_VERSION "1.16.0"
#define PACKAGE_STRING "newlib 1.16.0"
#define PACKAGE_BUGREPORT ""

configure: exit 0
