This file contains any messages produced by compilers while
running configure, to aid debugging if configure makes a mistake.

It was created by configure, which was
generated by GNU Autoconf 2.59.  Invocation command line was

  $ ./configure --prefix=/home/avsm/upstream/mlx/obj/cross-root-x86_64 --verbose --target=x86_64-xen-elf --enable-newlib-io-long-long --disable-multilib

## --------- ##
## Platform. ##
## --------- ##

hostname = debian
uname -m = x86_64
uname -r = 2.6.31-1-amd64
uname -s = Linux
uname -v = #1 SMP Mon Nov 16 04:44:38 UTC 2009

/usr/bin/uname -p = unknown
/bin/uname -X     = unknown

/bin/arch              = unknown
/usr/bin/arch -k       = unknown
/usr/convex/getsysinfo = unknown
hostinfo               = unknown
/bin/machine           = unknown
/usr/bin/oslevel       = unknown
/bin/universe          = unknown

PATH: /usr/local/bin
PATH: /usr/bin
PATH: /bin
PATH: /usr/games


## ----------- ##
## Core tests. ##
## ----------- ##

configure:1503: checking build system type
configure:1521: result: x86_64-unknown-linux-gnu
configure:1556: checking host system type
configure:1570: result: x86_64-unknown-linux-gnu
configure:1578: checking target system type
configure:1592: result: x86_64-xen-elf
configure:1635: checking for a BSD-compatible install
configure:1690: result: /usr/bin/install -c
configure:1701: checking whether ln works
configure:1723: result: yes
configure:1727: checking whether ln -s works
configure:1731: result: yes
configure:2882: checking for gcc
configure:2898: found /usr/bin/gcc
configure:2908: result: gcc
configure:3152: checking for C compiler version
configure:3155: gcc --version </dev/null >&5
gcc (Debian 4.3.4-6) 4.3.4
Copyright (C) 2008 Free Software Foundation, Inc.
This is free software; see the source for copying conditions.  There is NO
warranty; not even for MERCHANTABILITY or FITNESS FOR A PARTICULAR PURPOSE.

configure:3158: $? = 0
configure:3160: gcc -v </dev/null >&5
Using built-in specs.
Target: x86_64-linux-gnu
Configured with: ../src/configure -v --with-pkgversion='Debian 4.3.4-6' --with-bugurl=file:///usr/share/doc/gcc-4.3/README.Bugs --enable-languages=c,c++,fortran,objc,obj-c++ --prefix=/usr --enable-shared --enable-multiarch --enable-linker-build-id --with-system-zlib --libexecdir=/usr/lib --without-included-gettext --enable-threads=posix --enable-nls --with-gxx-include-dir=/usr/include/c++/4.3 --program-suffix=-4.3 --enable-clocale=gnu --enable-libstdcxx-debug --enable-objc-gc --enable-mpfr --with-tune=generic --enable-checking=release --build=x86_64-linux-gnu --host=x86_64-linux-gnu --target=x86_64-linux-gnu
Thread model: posix
gcc version 4.3.4 (Debian 4.3.4-6) 
configure:3163: $? = 0
configure:3165: gcc -V </dev/null >&5
gcc: '-V' option must have argument
configure:3168: $? = 1
configure:3191: checking for C compiler default output file name
configure:3194: gcc    conftest.c  >&5
configure:3197: $? = 0
configure:3243: result: a.out
configure:3248: checking whether the C compiler works
configure:3254: ./a.out
configure:3257: $? = 0
configure:3274: result: yes
configure:3281: checking whether we are cross compiling
configure:3283: result: no
configure:3286: checking for suffix of executables
configure:3288: gcc -o conftest    conftest.c  >&5
configure:3291: $? = 0
configure:3316: result: 
configure:3322: checking for suffix of object files
configure:3343: gcc -c   conftest.c >&5
configure:3346: $? = 0
configure:3368: result: o
configure:3372: checking whether we are using the GNU C compiler
configure:3396: gcc -c   conftest.c >&5
configure:3402: $? = 0
configure:3406: test -z 
			 || test ! -s conftest.err
configure:3409: $? = 0
configure:3412: test -s conftest.o
configure:3415: $? = 0
configure:3428: result: yes
configure:3434: checking whether gcc accepts -g
configure:3455: gcc -c -g  conftest.c >&5
configure:3461: $? = 0
configure:3465: test -z 
			 || test ! -s conftest.err
configure:3468: $? = 0
configure:3471: test -s conftest.o
configure:3474: $? = 0
configure:3485: result: yes
configure:3502: checking for gcc option to accept ANSI C
configure:3572: gcc  -c -g -O2  conftest.c >&5
configure:3578: $? = 0
configure:3582: test -z 
			 || test ! -s conftest.err
configure:3585: $? = 0
configure:3588: test -s conftest.o
configure:3591: $? = 0
configure:3609: result: none needed
configure:3627: gcc -c -g -O2  conftest.c >&5
conftest.c:2: error: expected '=', ',', ';', 'asm' or '__attribute__' before 'me'
configure:3633: $? = 1
configure: failed program was:
| #ifndef __cplusplus
|   choke me
| #endif
configure:3818: checking for g++
configure:3834: found /usr/bin/g++
configure:3844: result: g++
configure:3860: checking for C++ compiler version
configure:3863: g++ --version </dev/null >&5
g++ (Debian 4.3.4-6) 4.3.4
Copyright (C) 2008 Free Software Foundation, Inc.
This is free software; see the source for copying conditions.  There is NO
warranty; not even for MERCHANTABILITY or FITNESS FOR A PARTICULAR PURPOSE.

configure:3866: $? = 0
configure:3868: g++ -v </dev/null >&5
Using built-in specs.
Target: x86_64-linux-gnu
Configured with: ../src/configure -v --with-pkgversion='Debian 4.3.4-6' --with-bugurl=file:///usr/share/doc/gcc-4.3/README.Bugs --enable-languages=c,c++,fortran,objc,obj-c++ --prefix=/usr --enable-shared --enable-multiarch --enable-linker-build-id --with-system-zlib --libexecdir=/usr/lib --without-included-gettext --enable-threads=posix --enable-nls --with-gxx-include-dir=/usr/include/c++/4.3 --program-suffix=-4.3 --enable-clocale=gnu --enable-libstdcxx-debug --enable-objc-gc --enable-mpfr --with-tune=generic --enable-checking=release --build=x86_64-linux-gnu --host=x86_64-linux-gnu --target=x86_64-linux-gnu
Thread model: posix
gcc version 4.3.4 (Debian 4.3.4-6) 
configure:3871: $? = 0
configure:3873: g++ -V </dev/null >&5
g++: '-V' option must have argument
configure:3876: $? = 1
configure:3879: checking whether we are using the GNU C++ compiler
configure:3903: g++ -c   conftest.cc >&5
configure:3909: $? = 0
configure:3913: test -z 
			 || test ! -s conftest.err
configure:3916: $? = 0
configure:3919: test -s conftest.o
configure:3922: $? = 0
configure:3935: result: yes
configure:3941: checking whether g++ accepts -g
configure:3962: g++ -c -g  conftest.cc >&5
configure:3968: $? = 0
configure:3972: test -z 
			 || test ! -s conftest.err
configure:3975: $? = 0
configure:3978: test -s conftest.o
configure:3981: $? = 0
configure:3992: result: yes
configure:4034: g++ -c -g -O2  conftest.cc >&5
configure:4040: $? = 0
configure:4044: test -z 
			 || test ! -s conftest.err
configure:4047: $? = 0
configure:4050: test -s conftest.o
configure:4053: $? = 0
configure:4079: g++ -c -g -O2  conftest.cc >&5
conftest.cc: In function 'int main()':
conftest.cc:13: error: 'exit' was not declared in this scope
configure:4085: $? = 1
configure: failed program was:
| /* confdefs.h.  */
| 
| #define PACKAGE_NAME ""
| #define PACKAGE_TARNAME ""
| #define PACKAGE_VERSION ""
| #define PACKAGE_STRING ""
| #define PACKAGE_BUGREPORT ""
| /* end confdefs.h.  */
| 
| int
| main ()
| {
| exit (42);
|   ;
|   return 0;
| }
configure:4034: g++ -c -g -O2  conftest.cc >&5
conftest.cc:9: error: 'void std::exit(int)' should have been declared inside 'std'
configure:4040: $? = 1
configure: failed program was:
| /* confdefs.h.  */
| 
| #define PACKAGE_NAME ""
| #define PACKAGE_TARNAME ""
| #define PACKAGE_VERSION ""
| #define PACKAGE_STRING ""
| #define PACKAGE_BUGREPORT ""
| /* end confdefs.h.  */
| extern "C" void std::exit (int) throw (); using std::exit;
| #include <stdlib.h>
| int
| main ()
| {
| exit (42);
|   ;
|   return 0;
| }
configure:4034: g++ -c -g -O2  conftest.cc >&5
conftest.cc:9: error: 'void std::exit(int)' should have been declared inside 'std'
In file included from conftest.cc:10:
/usr/include/stdlib.h:543: error: declaration of 'void std::exit(int) throw ()' throws different exceptions
conftest.cc:9: error: from previous declaration 'void std::exit(int)'
configure:4040: $? = 1
configure: failed program was:
| /* confdefs.h.  */
| 
| #define PACKAGE_NAME ""
| #define PACKAGE_TARNAME ""
| #define PACKAGE_VERSION ""
| #define PACKAGE_STRING ""
| #define PACKAGE_BUGREPORT ""
| /* end confdefs.h.  */
| extern "C" void std::exit (int); using std::exit;
| #include <stdlib.h>
| int
| main ()
| {
| exit (42);
|   ;
|   return 0;
| }
configure:4034: g++ -c -g -O2  conftest.cc >&5
configure:4040: $? = 0
configure:4044: test -z 
			 || test ! -s conftest.err
configure:4047: $? = 0
configure:4050: test -s conftest.o
configure:4053: $? = 0
configure:4079: g++ -c -g -O2  conftest.cc >&5
configure:4085: $? = 0
configure:4089: test -z 
			 || test ! -s conftest.err
configure:4092: $? = 0
configure:4095: test -s conftest.o
configure:4098: $? = 0
configure:4185: checking for gnatbind
configure:4212: result: no
configure:4265: checking for gnatmake
configure:4292: result: no
configure:4304: checking whether compiler driver understands Ada
configure:4327: result: no
configure:4336: checking how to compare bootstrapped objects
configure:4361: result: cmp --ignore-initial=16 $$f1 $$f2
configure:5967: checking for bison
configure:5996: result: no
configure:5967: checking for byacc
configure:5996: result: no
configure:5967: checking for yacc
configure:5996: result: no
configure:6013: checking for bison
configure:6042: result: no
configure:6058: checking for gm4
configure:6087: result: no
configure:6058: checking for gnum4
configure:6087: result: no
configure:6058: checking for m4
configure:6074: found /usr/bin/m4
configure:6084: result: m4
configure:6103: checking for flex
configure:6132: result: no
configure:6103: checking for lex
configure:6132: result: no
configure:6149: checking for flex
configure:6178: result: no
configure:6194: checking for makeinfo
configure:6210: found /usr/bin/makeinfo
configure:6220: result: makeinfo
configure:6253: checking for expect
configure:6282: result: no
configure:6300: checking for runtest
configure:6329: result: no
configure:6439: checking for ar
configure:6455: found /usr/bin/ar
configure:6465: result: ar
configure:6574: checking for as
configure:6590: found /usr/bin/as
configure:6600: result: as
configure:6709: checking for dlltool
configure:6738: result: no
configure:6844: checking for ld
configure:6860: found /usr/bin/ld
configure:6870: result: ld
configure:6979: checking for lipo
configure:7008: result: no
configure:7114: checking for nm
configure:7130: found /usr/bin/nm
configure:7140: result: nm
configure:7249: checking for ranlib
configure:7265: found /usr/bin/ranlib
configure:7275: result: ranlib
configure:7379: checking for strip
configure:7395: found /usr/bin/strip
configure:7405: result: strip
configure:7509: checking for windres
configure:7538: result: no
configure:7644: checking for windmc
configure:7673: result: no
configure:7779: checking for objcopy
configure:7795: found /usr/bin/objcopy
configure:7805: result: objcopy
configure:7914: checking for objdump
configure:7930: found /usr/bin/objdump
configure:7940: result: objdump
configure:8051: checking for x86_64-xen-elf-cc
configure:8080: result: no
configure:8051: checking for x86_64-xen-elf-gcc
configure:8080: result: no
configure:8206: checking for x86_64-xen-elf-c++
configure:8235: result: no
configure:8206: checking for x86_64-xen-elf-g++
configure:8235: result: no
configure:8206: checking for x86_64-xen-elf-cxx
configure:8235: result: no
configure:8206: checking for x86_64-xen-elf-gxx
configure:8235: result: no
configure:8361: checking for x86_64-xen-elf-gcc
configure:8390: result: no
configure:8511: checking for x86_64-xen-elf-gcj
configure:8540: result: no
configure:8666: checking for x86_64-xen-elf-gfortran
configure:8695: result: no
configure:8900: checking for x86_64-xen-elf-ar
configure:8929: result: no
configure:9123: checking for x86_64-xen-elf-as
configure:9152: result: no
configure:9346: checking for x86_64-xen-elf-dlltool
configure:9375: result: no
configure:9569: checking for x86_64-xen-elf-ld
configure:9598: result: no
configure:9792: checking for x86_64-xen-elf-lipo
configure:9821: result: no
configure:10015: checking for x86_64-xen-elf-nm
configure:10044: result: no
configure:10238: checking for x86_64-xen-elf-objdump
configure:10267: result: no
configure:10461: checking for x86_64-xen-elf-ranlib
configure:10490: result: no
configure:10684: checking for x86_64-xen-elf-strip
configure:10713: result: no
configure:10907: checking for x86_64-xen-elf-windres
configure:10936: result: no
configure:11130: checking for x86_64-xen-elf-windmc
configure:11159: result: no
configure:11223: checking where to find the target ar
configure:11260: result: pre-installed
configure:11265: checking where to find the target as
configure:11302: result: pre-installed
configure:11307: checking where to find the target cc
configure:11344: result: pre-installed
configure:11349: checking where to find the target c++
configure:11389: result: pre-installed
configure:11394: checking where to find the target c++ for libstdc++
configure:11434: result: pre-installed
configure:11439: checking where to find the target dlltool
configure:11476: result: pre-installed
configure:11481: checking where to find the target gcc
configure:11518: result: pre-installed
configure:11523: checking where to find the target gcj
configure:11563: result: pre-installed
configure:11568: checking where to find the target gfortran
configure:11608: result: pre-installed
configure:11613: checking where to find the target ld
configure:11650: result: pre-installed
configure:11655: checking where to find the target lipo
configure:11681: result: pre-installed
configure:11686: checking where to find the target nm
configure:11723: result: pre-installed
configure:11728: checking where to find the target objdump
configure:11765: result: pre-installed
configure:11770: checking where to find the target ranlib
configure:11807: result: pre-installed
configure:11812: checking where to find the target strip
configure:11849: result: pre-installed
configure:11854: checking where to find the target windres
configure:11891: result: pre-installed
configure:11896: checking where to find the target windmc
configure:11933: result: pre-installed
configure:11966: checking whether to enable maintainer-specific portions of Makefiles
configure:11975: result: no
configure:12008: checking whether -fkeep-inline-functions is supported
configure:12032: gcc -c -g -O2 -fkeep-inline-functions  conftest.c >&5
configure:12038: $? = 0
configure:12042: test -z 
			 || test ! -s conftest.err
configure:12045: $? = 0
configure:12048: test -s conftest.o
configure:12051: $? = 0
configure:12053: result: yes
configure:12270: creating ./config.status

## ---------------------- ##
## Running config.status. ##
## ---------------------- ##

This file was extended by config.status, which was
generated by GNU Autoconf 2.59.  Invocation command line was

  CONFIG_FILES    = 
  CONFIG_HEADERS  = 
  CONFIG_LINKS    = 
  CONFIG_COMMANDS = 
  $ ./config.status 

on debian

config.status:762: creating Makefile

## ---------------- ##
## Cache variables. ##
## ---------------- ##

ac_cv_build=x86_64-unknown-linux-gnu
ac_cv_build_alias=x86_64-unknown-linux-gnu
ac_cv_c_compiler_gnu=yes
ac_cv_cxx_compiler_gnu=yes
ac_cv_env_AR_FOR_TARGET_set=
ac_cv_env_AR_FOR_TARGET_value=
ac_cv_env_AR_set=
ac_cv_env_AR_value=
ac_cv_env_AS_FOR_TARGET_set=
ac_cv_env_AS_FOR_TARGET_value=
ac_cv_env_AS_set=
ac_cv_env_AS_value=
ac_cv_env_CC_FOR_TARGET_set=
ac_cv_env_CC_FOR_TARGET_value=
ac_cv_env_CC_set=
ac_cv_env_CC_value=
ac_cv_env_CFLAGS_set=
ac_cv_env_CFLAGS_value=
ac_cv_env_CPPFLAGS_set=
ac_cv_env_CPPFLAGS_value=
ac_cv_env_CXXFLAGS_set=
ac_cv_env_CXXFLAGS_value=
ac_cv_env_CXX_FOR_TARGET_set=
ac_cv_env_CXX_FOR_TARGET_value=
ac_cv_env_CXX_set=
ac_cv_env_CXX_value=
ac_cv_env_DLLTOOL_FOR_TARGET_set=
ac_cv_env_DLLTOOL_FOR_TARGET_value=
ac_cv_env_DLLTOOL_set=
ac_cv_env_DLLTOOL_value=
ac_cv_env_GCC_FOR_TARGET_set=
ac_cv_env_GCC_FOR_TARGET_value=
ac_cv_env_GCJ_FOR_TARGET_set=
ac_cv_env_GCJ_FOR_TARGET_value=
ac_cv_env_GFORTRAN_FOR_TARGET_set=
ac_cv_env_GFORTRAN_FOR_TARGET_value=
ac_cv_env_LDFLAGS_set=
ac_cv_env_LDFLAGS_value=
ac_cv_env_LD_FOR_TARGET_set=
ac_cv_env_LD_FOR_TARGET_value=
ac_cv_env_LD_set=
ac_cv_env_LD_value=
ac_cv_env_LIPO_FOR_TARGET_set=
ac_cv_env_LIPO_FOR_TARGET_value=
ac_cv_env_LIPO_set=
ac_cv_env_LIPO_value=
ac_cv_env_NM_FOR_TARGET_set=
ac_cv_env_NM_FOR_TARGET_value=
ac_cv_env_NM_set=
ac_cv_env_NM_value=
ac_cv_env_OBJCOPY_set=
ac_cv_env_OBJCOPY_value=
ac_cv_env_OBJDUMP_FOR_TARGET_set=
ac_cv_env_OBJDUMP_FOR_TARGET_value=
ac_cv_env_OBJDUMP_set=
ac_cv_env_OBJDUMP_value=
ac_cv_env_RANLIB_FOR_TARGET_set=
ac_cv_env_RANLIB_FOR_TARGET_value=
ac_cv_env_RANLIB_set=
ac_cv_env_RANLIB_value=
ac_cv_env_STRIP_FOR_TARGET_set=
ac_cv_env_STRIP_FOR_TARGET_value=
ac_cv_env_STRIP_set=
ac_cv_env_STRIP_value=
ac_cv_env_WINDMC_FOR_TARGET_set=
ac_cv_env_WINDMC_FOR_TARGET_value=
ac_cv_env_WINDMC_set=
ac_cv_env_WINDMC_value=
ac_cv_env_WINDRES_FOR_TARGET_set=
ac_cv_env_WINDRES_FOR_TARGET_value=
ac_cv_env_WINDRES_set=
ac_cv_env_WINDRES_value=
ac_cv_env_build_alias_set=
ac_cv_env_build_alias_value=
ac_cv_env_host_alias_set=
ac_cv_env_host_alias_value=
ac_cv_env_target_alias_set=set
ac_cv_env_target_alias_value=x86_64-xen-elf
ac_cv_exeext=
ac_cv_host=x86_64-unknown-linux-gnu
ac_cv_host_alias=x86_64-unknown-linux-gnu
ac_cv_objext=o
ac_cv_path_install='/usr/bin/install -c'
ac_cv_prog_AR=ar
ac_cv_prog_AS=as
ac_cv_prog_LD=ld
ac_cv_prog_M4=m4
ac_cv_prog_MAKEINFO=makeinfo
ac_cv_prog_NM=nm
ac_cv_prog_OBJCOPY=objcopy
ac_cv_prog_OBJDUMP=objdump
ac_cv_prog_RANLIB=ranlib
ac_cv_prog_STRIP=strip
ac_cv_prog_ac_ct_CC=gcc
ac_cv_prog_ac_ct_CXX=g++
ac_cv_prog_ac_ct_GNATBIND=no
ac_cv_prog_ac_ct_GNATMAKE=no
ac_cv_prog_cc_g=yes
ac_cv_prog_cc_stdc=
ac_cv_prog_cxx_g=yes
ac_cv_target=x86_64-xen-elf
ac_cv_target_alias=x86_64-xen-elf
acx_cv_cc_gcc_supports_ada=no
acx_cv_prog_LN=ln
gcc_cv_prog_cmp_skip='cmp --ignore-initial=16 $$f1 $$f2'
gcc_cv_tool_dirs=
gcc_cv_tool_prefix=/home/avsm/upstream/mlx/obj/cross-root-x86_64

## ----------------- ##
## Output variables. ##
## ----------------- ##

AR='ar'
AR_FOR_BUILD='$(AR)'
AR_FOR_TARGET='x86_64-xen-elf-ar'
AS='as'
AS_FOR_BUILD='$(AS)'
AS_FOR_TARGET='x86_64-xen-elf-as'
BISON='/home/avsm/upstream/mlx/newlib/missing bison'
CC='gcc'
CC_FOR_BUILD='$(CC)'
CC_FOR_TARGET='x86_64-xen-elf-cc'
CFLAGS='-g -O2'
CFLAGS_FOR_BUILD='-g -O2'
COMPILER_AS_FOR_TARGET='$(AS_FOR_TARGET)'
COMPILER_LD_FOR_TARGET='$(LD_FOR_TARGET)'
COMPILER_NM_FOR_TARGET='$(NM_FOR_TARGET)'
CONFIGURE_GDB_TK=''
CPPFLAGS=''
CXX='g++'
CXXFLAGS='-g -O2'
CXXFLAGS_FOR_BUILD='-g -O2'
CXX_FOR_BUILD='$(CXX)'
CXX_FOR_TARGET='x86_64-xen-elf-c++'
DEBUG_PREFIX_CFLAGS_FOR_TARGET=''
DEFS='-DPACKAGE_NAME=\"\" -DPACKAGE_TARNAME=\"\" -DPACKAGE_VERSION=\"\" -DPACKAGE_STRING=\"\" -DPACKAGE_BUGREPORT=\"\" '
DLLTOOL='dlltool'
DLLTOOL_FOR_BUILD='$(DLLTOOL)'
DLLTOOL_FOR_TARGET='x86_64-xen-elf-dlltool'
ECHO_C=''
ECHO_N='-n'
ECHO_T=''
EXEEXT=''
EXPECT='expect'
FLAGS_FOR_TARGET=' -B$$r/$(TARGET_SUBDIR)/newlib/ -isystem $$r/$(TARGET_SUBDIR)/newlib/targ-include -isystem $$s/newlib/libc/include -B$$r/$(TARGET_SUBDIR)/libgloss/x86_64 -L$$r/$(TARGET_SUBDIR)/libgloss/libnosys -L$$s/libgloss/x86_64'
FLEX='/home/avsm/upstream/mlx/newlib/missing flex'
GCC_FOR_TARGET='x86_64-xen-elf-gcc'
GCJ_FOR_BUILD='$(GCJ)'
GCJ_FOR_TARGET='x86_64-xen-elf-gcj'
GDB_TK=''
GFORTRAN_FOR_BUILD='$(GFORTRAN)'
GFORTRAN_FOR_TARGET='x86_64-xen-elf-gfortran'
GNATBIND='no'
GNATMAKE='no'
INSTALL_DATA='${INSTALL} -m 644'
INSTALL_GDB_TK=''
INSTALL_PROGRAM='${INSTALL}'
INSTALL_SCRIPT='${INSTALL}'
LD='ld'
LDFLAGS=''
LDFLAGS_FOR_BUILD=''
LD_FOR_BUILD='$(LD)'
LD_FOR_TARGET='x86_64-xen-elf-ld'
LEX='/home/avsm/upstream/mlx/newlib/missing flex'
LIBOBJS=''
LIBS=''
LIPO='lipo'
LIPO_FOR_TARGET='x86_64-xen-elf-lipo'
LN='ln'
LN_S='ln -s'
LTLIBOBJS=''
M4='m4'
MAINT='#'
MAINTAINER_MODE_FALSE=''
MAINTAINER_MODE_TRUE='#'
MAKEINFO='makeinfo'
NM='nm'
NM_FOR_BUILD='$(NM)'
NM_FOR_TARGET='x86_64-xen-elf-nm'
OBJCOPY='objcopy'
OBJDUMP='objdump'
OBJDUMP_FOR_TARGET='x86_64-xen-elf-objdump'
OBJEXT='o'
PACKAGE_BUGREPORT=''
PACKAGE_NAME=''
PACKAGE_STRING=''
PACKAGE_TARNAME=''
PACKAGE_VERSION=''
PATH_SEPARATOR=':'
RANLIB='ranlib'
RANLIB_FOR_BUILD='$(RANLIB)'
RANLIB_FOR_TARGET='x86_64-xen-elf-ranlib'
RAW_CXX_FOR_TARGET='x86_64-xen-elf-c++'
RPATH_ENVVAR='LD_LIBRARY_PATH'
RUNTEST='runtest'
SHELL='/bin/sh'
STRIP='strip'
STRIP_FOR_TARGET='x86_64-xen-elf-strip'
SYSROOT_CFLAGS_FOR_TARGET=''
TOPLEVEL_CONFIGURE_ARGUMENTS='./configure --prefix=/home/avsm/upstream/mlx/obj/cross-root-x86_64 --verbose --target=x86_64-xen-elf --enable-newlib-io-long-long --disable-multilib'
WINDMC='windmc'
WINDMC_FOR_BUILD='$(WINDMC)'
WINDMC_FOR_TARGET='x86_64-xen-elf-windmc'
WINDRES='windres'
WINDRES_FOR_BUILD='$(WINDRES)'
WINDRES_FOR_TARGET='x86_64-xen-elf-windres'
YACC='/home/avsm/upstream/mlx/newlib/missing bison -y'
ac_ct_CC='gcc'
ac_ct_CXX='g++'
ac_ct_GNATBIND='no'
ac_ct_GNATMAKE='no'
bindir='${exec_prefix}/bin'
build='x86_64-unknown-linux-gnu'
build_alias=''
build_configargs='--cache-file=../config.cache '--prefix=/home/avsm/upstream/mlx/obj/cross-root-x86_64' '--verbose' '--target=x86_64-xen-elf' '--enable-newlib-io-long-long' '--disable-multilib' --program-transform-name='s,^,x86_64-xen-elf-,''
build_configdirs=''
build_cpu='x86_64'
build_libsubdir='build-x86_64-unknown-linux-gnu'
build_noncanonical='x86_64-unknown-linux-gnu'
build_os='linux-gnu'
build_subdir='build-x86_64-unknown-linux-gnu'
build_tooldir='${exec_prefix}/x86_64-xen-elf'
build_vendor='unknown'
config_shell='/bin/sh'
configdirs=' etc'
datadir='${prefix}/share'
datarootdir='${prefix}/share'
do_compare='cmp --ignore-initial=16 $$f1 $$f2'
docdir='${datarootdir}/doc'
exec_prefix='${prefix}'
gmpinc=''
gmplibs='-lmpfr -lgmp'
host='x86_64-unknown-linux-gnu'
host_alias=''
host_configargs='--cache-file=./config.cache  --with-newlib '--prefix=/home/avsm/upstream/mlx/obj/cross-root-x86_64' '--verbose' '--target=x86_64-xen-elf' '--enable-newlib-io-long-long' '--disable-multilib' --program-transform-name='s,^,x86_64-xen-elf-,''
host_cpu='x86_64'
host_noncanonical='x86_64-unknown-linux-gnu'
host_os='linux-gnu'
host_subdir='.'
host_vendor='unknown'
htmldir='${docdir}'
includedir='${prefix}/include'
infodir='${prefix}/info'
libdir='${exec_prefix}/lib'
libexecdir='${exec_prefix}/libexec'
localstatedir='${prefix}/var'
mandir='${prefix}/man'
oldincludedir='/usr/include'
pdfdir='${docdir}'
prefix='/home/avsm/upstream/mlx/obj/cross-root-x86_64'
program_transform_name='s,^,x86_64-xen-elf-,'
sbindir='${exec_prefix}/sbin'
sharedstatedir='${prefix}/com'
stage1_cflags='-g -fkeep-inline-functions'
stage1_checking='--enable-checking=yes,types'
stage1_languages=',c,'
stage2_werror_flag=''
sysconfdir='${prefix}/etc'
target='x86_64-xen-elf'
target_alias='x86_64-xen-elf'
target_configargs='--cache-file=./config.cache --with-newlib --with-cross-host=x86_64-unknown-linux-gnu '--prefix=/home/avsm/upstream/mlx/obj/cross-root-x86_64' '--verbose' '--target=x86_64-xen-elf' '--enable-newlib-io-long-long' '--disable-multilib' --program-transform-name='s,^,x86_64-xen-elf-,''
target_cpu='x86_64'
target_noncanonical='x86_64-xen-elf'
target_os='elf'
target_subdir='x86_64-xen-elf'
target_vendor='xen'
tooldir='${exec_prefix}/x86_64-xen-elf'

## ------------- ##
## Output files. ##
## ------------- ##

alphaieee_frag='/dev/null'
host_makefile_frag='/dev/null'
ospace_frag='/dev/null'
serialization_dependencies='serdep.tmp'
target_makefile_frag='/dev/null'

## ----------- ##
## confdefs.h. ##
## ----------- ##

#define PACKAGE_BUGREPORT ""
#define PACKAGE_NAME ""
#define PACKAGE_STRING ""
#define PACKAGE_TARNAME ""
#define PACKAGE_VERSION ""
#endif
#ifdef __cplusplus
extern "C" void exit (int) throw ();

configure: exit 0
