This file contains any messages produced by compilers while
running configure, to aid debugging if configure makes a mistake.

It was created by newlib configure 1.15.0, which was
generated by GNU Autoconf 2.59.  Invocation command line was

  $ ../../../.././newlib/libc/machine/configure --prefix=/home/avsm/upstream/mlx/obj/cross-root-x86_64 --with-newlib --with-cross-host=x86_64-unknown-linux-gnu --verbose --target=x86_64-xen-elf --enable-newlib-io-long-long --disable-multilib --program-transform-name=s,^,x86_64-xen-elf-, --with-target-subdir=x86_64-xen-elf --build=x86_64-unknown-linux-gnu --host=x86_64-xen-elf --target=x86_64-xen-elf build_alias=x86_64-unknown-linux-gnu host_alias=x86_64-xen-elf target_alias=x86_64-xen-elf CC=x86_64-xen-elf-cc -B/home/avsm/upstream/mlx/newlib/x86_64-xen-elf/newlib/ -isystem /home/avsm/upstream/mlx/newlib/x86_64-xen-elf/newlib/targ-include -isystem /home/avsm/upstream/mlx/newlib/newlib/libc/include -B/home/avsm/upstream/mlx/newlib/x86_64-xen-elf/libgloss/x86_64 -L/home/avsm/upstream/mlx/newlib/x86_64-xen-elf/libgloss/libnosys -L/home/avsm/upstream/mlx/newlib/libgloss/x86_64 CFLAGS=-O2 -g -g -O2   LDFLAGS= CPPFLAGS= --cache-file=../.././config.cache --srcdir=../../../.././newlib/libc/machine

## --------- ##
## Platform. ##
## --------- ##

hostname = debian
uname -m = x86_64
uname -r = 2.6.31-1-amd64
uname -s = Linux
uname -v = #1 SMP Mon Nov 16 04:44:38 UTC 2009

/usr/bin/uname -p = unknown
/bin/uname -X     = unknown

/bin/arch              = unknown
/usr/bin/arch -k       = unknown
/usr/convex/getsysinfo = unknown
hostinfo               = unknown
/bin/machine           = unknown
/usr/bin/oslevel       = unknown
/bin/universe          = unknown

PATH: /usr/local/bin
PATH: /usr/bin
PATH: /bin
PATH: /usr/games


## ----------- ##
## Core tests. ##
## ----------- ##

configure:1439: loading cache ../.././config.cache
configure:1570: checking build system type
configure:1588: result: x86_64-unknown-linux-gnu
configure:1610: checking for a BSD-compatible install
configure:1665: result: /usr/bin/install -c
configure:1676: checking whether build environment is sane
configure:1719: result: yes
configure:1784: checking for gawk
configure:1810: result: mawk
configure:1820: checking whether make sets $(MAKE)
configure:1840: result: yes
configure:1870: checking for style of include used by make
configure:1898: result: GNU
configure:2058: checking host system type
configure:2072: result: x86_64-xen-elf
configure:2130: checking for x86_64-xen-elf-strip
configure:2156: result: x86_64-xen-elf-strip
configure:2237: checking for gcc
configure:2263: result: x86_64-xen-elf-cc -B/home/avsm/upstream/mlx/newlib/x86_64-xen-elf/newlib/ -isystem /home/avsm/upstream/mlx/newlib/x86_64-xen-elf/newlib/targ-include -isystem /home/avsm/upstream/mlx/newlib/newlib/libc/include -B/home/avsm/upstream/mlx/newlib/x86_64-xen-elf/libgloss/x86_64 -L/home/avsm/upstream/mlx/newlib/x86_64-xen-elf/libgloss/libnosys -L/home/avsm/upstream/mlx/newlib/libgloss/x86_64
configure:2273: checking dependency style of x86_64-xen-elf-cc -B/home/avsm/upstream/mlx/newlib/x86_64-xen-elf/newlib/ -isystem /home/avsm/upstream/mlx/newlib/x86_64-xen-elf/newlib/targ-include -isystem /home/avsm/upstream/mlx/newlib/newlib/libc/include -B/home/avsm/upstream/mlx/newlib/x86_64-xen-elf/libgloss/x86_64 -L/home/avsm/upstream/mlx/newlib/x86_64-xen-elf/libgloss/libnosys -L/home/avsm/upstream/mlx/newlib/libgloss/x86_64
configure:2363: result: none
configure:2438: checking whether we are using GNU C
configure:2459: result: no
configure:2554: checking for x86_64-xen-elf-as
configure:2580: result: x86_64-xen-elf-as
configure:2633: checking for x86_64-xen-elf-ar
configure:2659: result: x86_64-xen-elf-ar
configure:2712: checking for x86_64-xen-elf-ranlib
configure:2738: result: x86_64-xen-elf-ranlib
configure:2792: checking for x86_64-xen-elf-readelf
configure:2821: result: no
configure:2830: checking for readelf
configure:2857: result: readelf
configure:2883: checking for a BSD-compatible install
configure:2938: result: /usr/bin/install -c
configure:2953: checking whether to enable maintainer-specific portions of Makefiles
configure:2962: result: no
configure:3083: checking for a sed that does not truncate output
configure:3139: result: /bin/sed
configure:11074: creating ./config.status

## ---------------------- ##
## Running config.status. ##
## ---------------------- ##

This file was extended by newlib config.status 1.15.0, which was
generated by GNU Autoconf 2.59.  Invocation command line was

  CONFIG_FILES    = 
  CONFIG_HEADERS  = 
  CONFIG_LINKS    = 
  CONFIG_COMMANDS = 
  $ ./config.status 

on debian

config.status:919: creating Makefile
config.status:1095: executing depfiles commands
configure:13027: configuring in x86_64
configure:13145: running /bin/sh ../../../../.././newlib/libc/machine/x86_64/configure --prefix=/home/avsm/upstream/mlx/obj/cross-root-x86_64  '--with-newlib' '--with-cross-host=x86_64-unknown-linux-gnu' '--verbose' '--target=x86_64-xen-elf' '--enable-newlib-io-long-long' '--disable-multilib' '--program-transform-name=s,^,x86_64-xen-elf-,' '--with-target-subdir=x86_64-xen-elf' '--build=x86_64-unknown-linux-gnu' '--host=x86_64-xen-elf' '--target=x86_64-xen-elf' 'build_alias=x86_64-unknown-linux-gnu' 'host_alias=x86_64-xen-elf' 'target_alias=x86_64-xen-elf' 'CC=x86_64-xen-elf-cc -B/home/avsm/upstream/mlx/newlib/x86_64-xen-elf/newlib/ -isystem /home/avsm/upstream/mlx/newlib/x86_64-xen-elf/newlib/targ-include -isystem /home/avsm/upstream/mlx/newlib/newlib/libc/include -B/home/avsm/upstream/mlx/newlib/x86_64-xen-elf/libgloss/x86_64 -L/home/avsm/upstream/mlx/newlib/x86_64-xen-elf/libgloss/libnosys -L/home/avsm/upstream/mlx/newlib/libgloss/x86_64' 'CFLAGS=-O2 -g -g -O2  ' 'LDFLAGS=' 'CPPFLAGS=' --cache-file=../../.././config.cache --srcdir=../../../../.././newlib/libc/machine/x86_64

## ---------------- ##
## Cache variables. ##
## ---------------- ##

ac_cv_build=x86_64-unknown-linux-gnu
ac_cv_c_compiler_gnu=no
ac_cv_env_CCASFLAGS_set=
ac_cv_env_CCASFLAGS_value=
ac_cv_env_CCAS_set=
ac_cv_env_CCAS_value=
ac_cv_env_CC_set=set
ac_cv_env_CC_value='x86_64-xen-elf-cc -B/home/avsm/upstream/mlx/newlib/x86_64-xen-elf/newlib/ -isystem /home/avsm/upstream/mlx/newlib/x86_64-xen-elf/newlib/targ-include -isystem /home/avsm/upstream/mlx/newlib/newlib/libc/include -B/home/avsm/upstream/mlx/newlib/x86_64-xen-elf/libgloss/x86_64 -L/home/avsm/upstream/mlx/newlib/x86_64-xen-elf/libgloss/libnosys -L/home/avsm/upstream/mlx/newlib/libgloss/x86_64'
ac_cv_env_CFLAGS_set=set
ac_cv_env_CFLAGS_value='-O2 -g -g -O2  '
ac_cv_env_CPPFLAGS_set=set
ac_cv_env_CPPFLAGS_value=
ac_cv_env_CPP_set=
ac_cv_env_CPP_value=
ac_cv_env_LDFLAGS_set=set
ac_cv_env_LDFLAGS_value=
ac_cv_env_LIBS_set=
ac_cv_env_LIBS_value=
ac_cv_env_build_alias_set=set
ac_cv_env_build_alias_value=x86_64-unknown-linux-gnu
ac_cv_env_host_alias_set=set
ac_cv_env_host_alias_value=x86_64-xen-elf
ac_cv_env_target_alias_set=set
ac_cv_env_target_alias_value=x86_64-xen-elf
ac_cv_host=x86_64-xen-elf
ac_cv_path_SED=/bin/sed
ac_cv_prog_AR=x86_64-xen-elf-ar
ac_cv_prog_AS=x86_64-xen-elf-as
ac_cv_prog_AWK=mawk
ac_cv_prog_CC='x86_64-xen-elf-cc -B/home/avsm/upstream/mlx/newlib/x86_64-xen-elf/newlib/ -isystem /home/avsm/upstream/mlx/newlib/x86_64-xen-elf/newlib/targ-include -isystem /home/avsm/upstream/mlx/newlib/newlib/libc/include -B/home/avsm/upstream/mlx/newlib/x86_64-xen-elf/libgloss/x86_64 -L/home/avsm/upstream/mlx/newlib/x86_64-xen-elf/libgloss/libnosys -L/home/avsm/upstream/mlx/newlib/libgloss/x86_64'
ac_cv_prog_RANLIB=x86_64-xen-elf-ranlib
ac_cv_prog_STRIP=x86_64-xen-elf-strip
ac_cv_prog_ac_ct_READELF=readelf
ac_cv_prog_make_make_set=yes
am_cv_CC_dependencies_compiler_type=none
libc_cv_array_aliasing=no
libc_cv_initfinit_array=no
lt_cv_path_SED=/bin/sed
newlib_cv_build_exeext=no

## ----------------- ##
## Output variables. ##
## ----------------- ##

ACLOCAL='${SHELL} /home/avsm/upstream/mlx/newlib/missing --run aclocal-1.9'
AMDEPBACKSLASH='\'
AMDEP_FALSE='#'
AMDEP_TRUE=''
AMTAR='${SHELL} /home/avsm/upstream/mlx/newlib/missing --run tar'
AR='x86_64-xen-elf-ar'
AS='x86_64-xen-elf-as'
AUTOCONF='${SHELL} /home/avsm/upstream/mlx/newlib/missing --run autoconf'
AUTOHEADER='${SHELL} /home/avsm/upstream/mlx/newlib/missing --run autoheader'
AUTOMAKE='${SHELL} /home/avsm/upstream/mlx/newlib/missing --run automake-1.9'
AWK='mawk'
CC='x86_64-xen-elf-cc -B/home/avsm/upstream/mlx/newlib/x86_64-xen-elf/newlib/ -isystem /home/avsm/upstream/mlx/newlib/x86_64-xen-elf/newlib/targ-include -isystem /home/avsm/upstream/mlx/newlib/newlib/libc/include -B/home/avsm/upstream/mlx/newlib/x86_64-xen-elf/libgloss/x86_64 -L/home/avsm/upstream/mlx/newlib/x86_64-xen-elf/libgloss/libnosys -L/home/avsm/upstream/mlx/newlib/libgloss/x86_64'
CCAS='x86_64-xen-elf-cc -B/home/avsm/upstream/mlx/newlib/x86_64-xen-elf/newlib/ -isystem /home/avsm/upstream/mlx/newlib/x86_64-xen-elf/newlib/targ-include -isystem /home/avsm/upstream/mlx/newlib/newlib/libc/include -B/home/avsm/upstream/mlx/newlib/x86_64-xen-elf/libgloss/x86_64 -L/home/avsm/upstream/mlx/newlib/x86_64-xen-elf/libgloss/libnosys -L/home/avsm/upstream/mlx/newlib/libgloss/x86_64'
CCASFLAGS='-O2 -g -g -O2  '
CCDEPMODE='depmode=none'
CFLAGS='-O2 -g -g -O2  '
CPP=''
CPPFLAGS=''
CYGPATH_W='echo'
DEFS='-DPACKAGE_NAME=\"newlib\" -DPACKAGE_TARNAME=\"newlib\" -DPACKAGE_VERSION=\"1.15.0\" -DPACKAGE_STRING=\"newlib\ 1.15.0\" -DPACKAGE_BUGREPORT=\"\" '
DEPDIR='.deps'
DLLTOOL='x86_64-xen-elf-dlltool'
DUMPBIN=''
ECHO_C=''
ECHO_N='-n'
ECHO_T=''
EGREP=''
ELIX_LEVEL_0_FALSE='#'
ELIX_LEVEL_0_TRUE=''
ELIX_LEVEL_1_FALSE=''
ELIX_LEVEL_1_TRUE='#'
ELIX_LEVEL_2_FALSE=''
ELIX_LEVEL_2_TRUE='#'
ELIX_LEVEL_3_FALSE=''
ELIX_LEVEL_3_TRUE='#'
ELIX_LEVEL_4_FALSE=''
ELIX_LEVEL_4_TRUE='#'
EXEEXT=''
FGREP=''
GREP=''
HAVE_MACHINE_DIR_FALSE='#'
HAVE_MACHINE_DIR_TRUE=''
INSTALL_DATA='/usr/bin/install -c -m 644'
INSTALL_PROGRAM='/usr/bin/install -c'
INSTALL_SCRIPT='/usr/bin/install -c'
INSTALL_STRIP_PROGRAM='${SHELL} $(install_sh) -c -s'
LD='x86_64-xen-elf-ld'
LDFLAGS=''
LIBOBJS=''
LIBS=''
LIBTOOL=''
LN_S=''
LTLIBOBJS=''
MAINT='#'
MAINTAINER_MODE_FALSE=''
MAINTAINER_MODE_TRUE='#'
MAKEINFO='makeinfo --split-size=5000000'
MAY_SUPPLY_SYSCALLS_FALSE='#'
MAY_SUPPLY_SYSCALLS_TRUE=''
NEWLIB_CFLAGS=' -O2 -DMISSING_SYSCALL_NAMES -fno-builtin'
NM='x86_64-xen-elf-nm'
OBJDUMP='x86_64-xen-elf-objdump'
OBJEXT='o'
PACKAGE='newlib'
PACKAGE_BUGREPORT=''
PACKAGE_NAME='newlib'
PACKAGE_STRING='newlib 1.15.0'
PACKAGE_TARNAME='newlib'
PACKAGE_VERSION='1.15.0'
PATH_SEPARATOR=':'
RANLIB='x86_64-xen-elf-ranlib'
READELF='readelf'
SED='/bin/sed'
SET_MAKE=''
SHELL='/bin/sh'
STRIP='x86_64-xen-elf-strip'
USE_LIBTOOL_FALSE=''
USE_LIBTOOL_TRUE='#'
VERSION='1.15.0'
ac_ct_AR=''
ac_ct_AS=''
ac_ct_CC=''
ac_ct_DLLTOOL=''
ac_ct_DUMPBIN=''
ac_ct_OBJDUMP=''
ac_ct_RANLIB=''
ac_ct_READELF='readelf'
ac_ct_STRIP=''
aext='a'
am__fastdepCC_FALSE=''
am__fastdepCC_TRUE='#'
am__include='include'
am__leading_dot='.'
am__quote=''
am__tar='${AMTAR} chof - "$$tardir"'
am__untar='${AMTAR} xf -'
bindir='${exec_prefix}/bin'
build='x86_64-unknown-linux-gnu'
build_alias='x86_64-unknown-linux-gnu'
build_cpu='x86_64'
build_os='linux-gnu'
build_vendor='unknown'
datadir='${prefix}/share'
exec_prefix='${prefix}'
host='x86_64-xen-elf'
host_alias='x86_64-xen-elf'
host_cpu='x86_64'
host_os='elf'
host_vendor='xen'
includedir='${prefix}/include'
infodir='${prefix}/info'
install_sh='/home/avsm/upstream/mlx/newlib/install-sh'
libdir='${exec_prefix}/lib'
libexecdir='${exec_prefix}/libexec'
libm_machine_dir=''
localstatedir='${prefix}/var'
lpfx='lib_a-'
lt_ECHO='echo'
machine_dir='x86_64'
mandir='${prefix}/man'
mkdir_p='mkdir -p --'
newlib_basedir='../../../.././newlib/libc/machine/../..'
oext='o'
oldincludedir='/usr/include'
prefix='/home/avsm/upstream/mlx/obj/cross-root-x86_64'
program_transform_name='s,^,x86_64-xen-elf-,'
sbindir='${exec_prefix}/sbin'
sharedstatedir='${prefix}/com'
subdirs=' x86_64'
sys_dir=''
sysconfdir='${prefix}/etc'
target_alias='x86_64-xen-elf'

## ----------- ##
## confdefs.h. ##
## ----------- ##

#define PACKAGE_BUGREPORT ""
#define PACKAGE_NAME "newlib"
#define PACKAGE_STRING "newlib 1.15.0"
#define PACKAGE_TARNAME "newlib"
#define PACKAGE_VERSION "1.15.0"

configure: exit 0
